10:31:06 **** Incremental Build of configuration Nios II for project gp2 ****
make all 
Info: Building ../gp2_bsp/
C:/intelFPGA_lite/18.1/nios2eds/bin/gnu/H-x86_64-mingw32/bin/make --no-print-directory -C ../gp2_bsp/
[BSP build complete]
Info: Linking gp2.elf
nios2-elf-g++  -T'../gp2_bsp//linker.x' -msys-crt0='../gp2_bsp//obj/HAL/src/crt0.o' -msys-lib=hal_bsp -L../gp2_bsp/  -msmallc  -Wl,-Map=gp2.map   -O0 -g -Wall   -mno-hw-div -mno-hw-mul -mno-hw-mulx -mgpopt=global  -o gp2.elf obj/default/gp2.o -lm -msys-lib=m
nios2-elf-insert gp2.elf --thread_model hal --cpu_name cpu --qsys true --simulation_enabled false --stderr_dev jtag_uart_0 --stdin_dev jtag_uart_0 --stdout_dev jtag_uart_0 --sopc_system_name Nios_V1 --quartus_project_dir "C:/Users/Thomas/Desktop/COMPSYS701/GP1/GP2" --jdi ../..//output_files/GP2.jdi --sopcinfo C:/Users/Thomas/Desktop/COMPSYS701/GP1/GP2/Software/gp2_bsp/../../Nios_V1.sopcinfo
Info: (gp2.elf) 11 KBytes program size (code + initialized data).
Info:           8292 Bytes free for stack + heap.
Info: Creating gp2.objdump
nios2-elf-objdump --disassemble --syms --all-header --source gp2.elf >gp2.objdump
[gp2 build complete]
10:31:14 **** Build of configuration Nios II for project gp2 ****
make all 
Info: Building ../gp2_bsp/
C:/intelFPGA_lite/18.1/nios2eds/bin/gnu/H-x86_64-mingw32/bin/make --no-print-directory -C ../gp2_bsp/
[BSP build complete]
[gp2 build complete]
10:31:15 **** Incremental Build of configuration Nios II for project gp2 ****
make all 
Info: Building ../gp2_bsp/
C:/intelFPGA_lite/18.1/nios2eds/bin/gnu/H-x86_64-mingw32/bin/make --no-print-directory -C ../gp2_bsp/
[BSP build complete]
[gp2 build complete]
