Analysis & Synthesis report for recop
Fri Apr 25 18:50:44 2025
Quartus Prime Version 18.1.0 Build 625 09/12/2018 SJ Lite Edition


---------------------
; Table of Contents ;
---------------------
  1. Legal Notice
  2. Analysis & Synthesis Summary
  3. Analysis & Synthesis Settings
  4. Parallel Compilation
  5. Analysis & Synthesis Messages



----------------
; Legal Notice ;
----------------
Copyright (C) 2018  Intel Corporation. All rights reserved.
Your use of Intel Corporation's design tools, logic functions 
and other software and tools, and its AMPP partner logic 
functions, and any output files from any of the foregoing 
(including device programming or simulation files), and any 
associated documentation or information are expressly subject 
to the terms and conditions of the Intel Program License 
Subscription Agreement, the Intel Quartus Prime License Agreement,
the Intel FPGA IP License Agreement, or other applicable license
agreement, including, without limitation, that your use is for
the sole purpose of programming logic devices manufactured by
Intel and sold by Intel or its authorized distributors.  Please
refer to the applicable agreement for further details.



+---------------------------------------------------------------------------+
; Analysis & Synthesis Summary                                              ;
+-----------------------------+---------------------------------------------+
; Analysis & Synthesis Status ; Failed - Fri Apr 25 18:50:44 2025           ;
; Quartus Prime Version       ; 18.1.0 Build 625 09/12/2018 SJ Lite Edition ;
; Revision Name               ; recop                                       ;
; Top-level Entity Name       ; recop                                       ;
; Family                      ; Cyclone V                                   ;
; Logic utilization (in ALMs) ; N/A until Partition Merge                   ;
; Total registers             ; N/A until Partition Merge                   ;
; Total pins                  ; N/A until Partition Merge                   ;
; Total virtual pins          ; N/A until Partition Merge                   ;
; Total block memory bits     ; N/A until Partition Merge                   ;
; Total PLLs                  ; N/A until Partition Merge                   ;
; Total DLLs                  ; N/A until Partition Merge                   ;
+-----------------------------+---------------------------------------------+


+---------------------------------------------------------------------------------------------------------------------------+
; Analysis & Synthesis Settings                                                                                             ;
+---------------------------------------------------------------------------------+--------------------+--------------------+
; Option                                                                          ; Setting            ; Default Value      ;
+---------------------------------------------------------------------------------+--------------------+--------------------+
; Device                                                                          ; 5CSEMA5F31C6       ;                    ;
; Top-level entity name                                                           ; recop              ; recop              ;
; Family name                                                                     ; Cyclone V          ; Cyclone V          ;
; Use smart compilation                                                           ; Off                ; Off                ;
; Enable parallel Assembler and Timing Analyzer during compilation                ; On                 ; On                 ;
; Enable compact report table                                                     ; Off                ; Off                ;
; Restructure Multiplexers                                                        ; Auto               ; Auto               ;
; MLAB Add Timing Constraints For Mixed-Port Feed-Through Mode Setting Don't Care ; Off                ; Off                ;
; Create Debugging Nodes for IP Cores                                             ; Off                ; Off                ;
; Preserve fewer node names                                                       ; On                 ; On                 ;
; Intel FPGA IP Evaluation Mode                                                   ; Enable             ; Enable             ;
; Verilog Version                                                                 ; Verilog_2001       ; Verilog_2001       ;
; VHDL Version                                                                    ; VHDL_1993          ; VHDL_1993          ;
; State Machine Processing                                                        ; Auto               ; Auto               ;
; Safe State Machine                                                              ; Off                ; Off                ;
; Extract Verilog State Machines                                                  ; On                 ; On                 ;
; Extract VHDL State Machines                                                     ; On                 ; On                 ;
; Ignore Verilog initial constructs                                               ; Off                ; Off                ;
; Iteration limit for constant Verilog loops                                      ; 5000               ; 5000               ;
; Iteration limit for non-constant Verilog loops                                  ; 250                ; 250                ;
; Add Pass-Through Logic to Inferred RAMs                                         ; On                 ; On                 ;
; Infer RAMs from Raw Logic                                                       ; On                 ; On                 ;
; Parallel Synthesis                                                              ; On                 ; On                 ;
; DSP Block Balancing                                                             ; Auto               ; Auto               ;
; NOT Gate Push-Back                                                              ; On                 ; On                 ;
; Power-Up Don't Care                                                             ; On                 ; On                 ;
; Remove Redundant Logic Cells                                                    ; Off                ; Off                ;
; Remove Duplicate Registers                                                      ; On                 ; On                 ;
; Ignore CARRY Buffers                                                            ; Off                ; Off                ;
; Ignore CASCADE Buffers                                                          ; Off                ; Off                ;
; Ignore GLOBAL Buffers                                                           ; Off                ; Off                ;
; Ignore ROW GLOBAL Buffers                                                       ; Off                ; Off                ;
; Ignore LCELL Buffers                                                            ; Off                ; Off                ;
; Ignore SOFT Buffers                                                             ; On                 ; On                 ;
; Limit AHDL Integers to 32 Bits                                                  ; Off                ; Off                ;
; Optimization Technique                                                          ; Balanced           ; Balanced           ;
; Carry Chain Length                                                              ; 70                 ; 70                 ;
; Auto Carry Chains                                                               ; On                 ; On                 ;
; Auto Open-Drain Pins                                                            ; On                 ; On                 ;
; Perform WYSIWYG Primitive Resynthesis                                           ; Off                ; Off                ;
; Auto ROM Replacement                                                            ; On                 ; On                 ;
; Auto RAM Replacement                                                            ; On                 ; On                 ;
; Auto DSP Block Replacement                                                      ; On                 ; On                 ;
; Auto Shift Register Replacement                                                 ; Auto               ; Auto               ;
; Allow Shift Register Merging across Hierarchies                                 ; Auto               ; Auto               ;
; Auto Clock Enable Replacement                                                   ; On                 ; On                 ;
; Strict RAM Replacement                                                          ; Off                ; Off                ;
; Allow Synchronous Control Signals                                               ; On                 ; On                 ;
; Force Use of Synchronous Clear Signals                                          ; Off                ; Off                ;
; Auto Resource Sharing                                                           ; Off                ; Off                ;
; Allow Any RAM Size For Recognition                                              ; Off                ; Off                ;
; Allow Any ROM Size For Recognition                                              ; Off                ; Off                ;
; Allow Any Shift Register Size For Recognition                                   ; Off                ; Off                ;
; Use LogicLock Constraints during Resource Balancing                             ; On                 ; On                 ;
; Ignore translate_off and synthesis_off directives                               ; Off                ; Off                ;
; Timing-Driven Synthesis                                                         ; On                 ; On                 ;
; Report Parameter Settings                                                       ; On                 ; On                 ;
; Report Source Assignments                                                       ; On                 ; On                 ;
; Report Connectivity Checks                                                      ; On                 ; On                 ;
; Ignore Maximum Fan-Out Assignments                                              ; Off                ; Off                ;
; Synchronization Register Chain Length                                           ; 3                  ; 3                  ;
; Power Optimization During Synthesis                                             ; Normal compilation ; Normal compilation ;
; HDL message level                                                               ; Level2             ; Level2             ;
; Suppress Register Optimization Related Messages                                 ; Off                ; Off                ;
; Number of Removed Registers Reported in Synthesis Report                        ; 5000               ; 5000               ;
; Number of Swept Nodes Reported in Synthesis Report                              ; 5000               ; 5000               ;
; Number of Inverted Registers Reported in Synthesis Report                       ; 100                ; 100                ;
; Clock MUX Protection                                                            ; On                 ; On                 ;
; Auto Gated Clock Conversion                                                     ; Off                ; Off                ;
; Block Design Naming                                                             ; Auto               ; Auto               ;
; SDC constraint protection                                                       ; Off                ; Off                ;
; Synthesis Effort                                                                ; Auto               ; Auto               ;
; Shift Register Replacement - Allow Asynchronous Clear Signal                    ; On                 ; On                 ;
; Pre-Mapping Resynthesis Optimization                                            ; Off                ; Off                ;
; Analysis & Synthesis Message Level                                              ; Medium             ; Medium             ;
; Disable Register Merging Across Hierarchies                                     ; Auto               ; Auto               ;
; Resource Aware Inference For Block RAM                                          ; On                 ; On                 ;
; Automatic Parallel Synthesis                                                    ; On                 ; On                 ;
; Partial Reconfiguration Bitstream ID                                            ; Off                ; Off                ;
+---------------------------------------------------------------------------------+--------------------+--------------------+


+------------------------------------------+
; Parallel Compilation                     ;
+----------------------------+-------------+
; Processors                 ; Number      ;
+----------------------------+-------------+
; Number detected on machine ; 16          ;
; Maximum allowed            ; 16          ;
;                            ;             ;
; Average used               ; 1.00        ;
; Maximum used               ; 1           ;
;                            ;             ;
; Usage by Processor         ; % Time Used ;
;     Processor 1            ; 100.0%      ;
+----------------------------+-------------+


+-------------------------------+
; Analysis & Synthesis Messages ;
+-------------------------------+
Info: *******************************************************************
Info: Running Quartus Prime Analysis & Synthesis
    Info: Version 18.1.0 Build 625 09/12/2018 SJ Lite Edition
    Info: Processing started: Fri Apr 25 18:50:35 2025
Info: Command: quartus_map --read_settings_files=on --write_settings_files=off recop -c recop
Warning (18236): Number of processors has not been specified which may cause overloading on shared machines.  Set the global assignment NUM_PARALLEL_PROCESSORS in your QSF to an appropriate value for best performance.
Info (20030): Parallel compilation is enabled and will use 16 of the 16 processors detected
Info (12021): Found 1 design units, including 0 entities, in source file various_constants.vhd
    Info (12022): Found design unit 1: various_constants File: C:/Users/thoye/Desktop/COMPSYS_701/ReCOP (To be sorted)/various_constants.vhd Line: 7
Info (12021): Found 2 design units, including 1 entities, in source file registers.vhd
    Info (12022): Found design unit 1: registers-beh File: C:/Users/thoye/Desktop/COMPSYS_701/ReCOP (To be sorted)/registers.vhd Line: 48
    Info (12023): Found entity 1: registers File: C:/Users/thoye/Desktop/COMPSYS_701/ReCOP (To be sorted)/registers.vhd Line: 12
Info (12021): Found 2 design units, including 1 entities, in source file registerfile.vhd
    Info (12022): Found design unit 1: registerfile-SYN File: C:/Users/thoye/Desktop/COMPSYS_701/ReCOP (To be sorted)/registerfile.vhd Line: 60
    Info (12023): Found entity 1: registerfile File: C:/Users/thoye/Desktop/COMPSYS_701/ReCOP (To be sorted)/registerfile.vhd Line: 44
Info (12021): Found 2 design units, including 1 entities, in source file regfile.vhd
    Info (12022): Found design unit 1: regfile-beh File: C:/Users/thoye/Desktop/COMPSYS_701/ReCOP (To be sorted)/regfile.vhd Line: 40
    Info (12023): Found entity 1: regfile File: C:/Users/thoye/Desktop/COMPSYS_701/ReCOP (To be sorted)/regfile.vhd Line: 11
Info (12021): Found 1 design units, including 0 entities, in source file recop_types.vhd
    Info (12022): Found design unit 1: recop_types File: C:/Users/thoye/Desktop/COMPSYS_701/ReCOP (To be sorted)/recop_types.vhd Line: 5
Info (12021): Found 2 design units, including 1 entities, in source file recop_pll.vhd
    Info (12022): Found design unit 1: recop_pll-SYN File: C:/Users/thoye/Desktop/COMPSYS_701/ReCOP (To be sorted)/recop_pll.vhd Line: 52
    Info (12023): Found entity 1: recop_pll File: C:/Users/thoye/Desktop/COMPSYS_701/ReCOP (To be sorted)/recop_pll.vhd Line: 43
Info (12021): Found 2 design units, including 1 entities, in source file prog_mem.vhd
    Info (12022): Found design unit 1: prog_mem-SYN File: C:/Users/thoye/Desktop/COMPSYS_701/ReCOP (To be sorted)/prog_mem.vhd Line: 53
    Info (12023): Found entity 1: prog_mem File: C:/Users/thoye/Desktop/COMPSYS_701/ReCOP (To be sorted)/prog_mem.vhd Line: 43
Info (12021): Found 2 design units, including 1 entities, in source file prog_counter.vhd
    Info (12022): Found design unit 1: prog_counter-behaviour File: C:/Users/thoye/Desktop/COMPSYS_701/ReCOP (To be sorted)/prog_counter.vhd Line: 20
    Info (12023): Found entity 1: prog_counter File: C:/Users/thoye/Desktop/COMPSYS_701/ReCOP (To be sorted)/prog_counter.vhd Line: 9
Info (12021): Found 2 design units, including 1 entities, in source file pll.vhd
    Info (12022): Found design unit 1: pll-SYN File: C:/Users/thoye/Desktop/COMPSYS_701/ReCOP (To be sorted)/pll.vhd Line: 52
    Info (12023): Found entity 1: pll File: C:/Users/thoye/Desktop/COMPSYS_701/ReCOP (To be sorted)/pll.vhd Line: 42
Info (12021): Found 1 design units, including 0 entities, in source file opcodes.vhd
    Info (12022): Found design unit 1: opcodes File: C:/Users/thoye/Desktop/COMPSYS_701/ReCOP (To be sorted)/opcodes.vhd Line: 7
Info (12021): Found 2 design units, including 1 entities, in source file memory_model.vhd
    Info (12022): Found design unit 1: memory-beh File: C:/Users/thoye/Desktop/COMPSYS_701/ReCOP (To be sorted)/memory_model.vhd Line: 27
    Info (12023): Found entity 1: memory File: C:/Users/thoye/Desktop/COMPSYS_701/ReCOP (To be sorted)/memory_model.vhd Line: 10
Info (12021): Found 2 design units, including 1 entities, in source file memory_arbiter.vhd
    Info (12022): Found design unit 1: memory_arbiter-behaviour File: C:/Users/thoye/Desktop/COMPSYS_701/ReCOP (To be sorted)/memory_arbiter.vhd Line: 35
    Info (12023): Found entity 1: memory_arbiter File: C:/Users/thoye/Desktop/COMPSYS_701/ReCOP (To be sorted)/memory_arbiter.vhd Line: 11
Info (12021): Found 2 design units, including 1 entities, in source file inst_reg.vhd
    Info (12022): Found design unit 1: inst_reg-behaviour File: C:/Users/thoye/Desktop/COMPSYS_701/ReCOP (To be sorted)/inst_reg.vhd Line: 18
    Info (12023): Found entity 1: inst_reg File: C:/Users/thoye/Desktop/COMPSYS_701/ReCOP (To be sorted)/inst_reg.vhd Line: 7
Info (12021): Found 2 design units, including 1 entities, in source file datapath_tb.vhd
    Info (12022): Found design unit 1: datapath_tb-testbench File: C:/Users/thoye/Desktop/COMPSYS_701/ReCOP (To be sorted)/datapath_tb.vhd Line: 12
    Info (12023): Found entity 1: datapath_tb File: C:/Users/thoye/Desktop/COMPSYS_701/ReCOP (To be sorted)/datapath_tb.vhd Line: 9
Info (12021): Found 2 design units, including 1 entities, in source file datapath.vhd
    Info (12022): Found design unit 1: datapath-behaviour File: C:/Users/thoye/Desktop/COMPSYS_701/ReCOP (To be sorted)/datapath.vhd Line: 47
    Info (12023): Found entity 1: datapath File: C:/Users/thoye/Desktop/COMPSYS_701/ReCOP (To be sorted)/datapath.vhd Line: 11
Info (12021): Found 2 design units, including 1 entities, in source file data_mem.vhd
    Info (12022): Found design unit 1: data_mem-SYN File: C:/Users/thoye/Desktop/COMPSYS_701/ReCOP (To be sorted)/data_mem.vhd Line: 55
    Info (12023): Found entity 1: data_mem File: C:/Users/thoye/Desktop/COMPSYS_701/ReCOP (To be sorted)/data_mem.vhd Line: 43
Info (12021): Found 2 design units, including 1 entities, in source file controlunittb.vhd
    Info (12022): Found design unit 1: controlunit_tb-tb File: C:/Users/thoye/Desktop/COMPSYS_701/ReCOP (To be sorted)/controlunitTB.vhd Line: 13
    Info (12023): Found entity 1: controlunit_tb File: C:/Users/thoye/Desktop/COMPSYS_701/ReCOP (To be sorted)/controlunitTB.vhd Line: 10
Info (12021): Found 2 design units, including 1 entities, in source file controlunit.vhd
    Info (12022): Found design unit 1: control_unit-behaviour File: C:/Users/thoye/Desktop/COMPSYS_701/ReCOP (To be sorted)/controlunit.vhd Line: 45
    Info (12023): Found entity 1: control_unit File: C:/Users/thoye/Desktop/COMPSYS_701/ReCOP (To be sorted)/controlunit.vhd Line: 11
Info (12021): Found 2 design units, including 1 entities, in source file alu.vhd
    Info (12022): Found design unit 1: alu-combined File: C:/Users/thoye/Desktop/COMPSYS_701/ReCOP (To be sorted)/ALU.vhd Line: 34
    Info (12023): Found entity 1: alu File: C:/Users/thoye/Desktop/COMPSYS_701/ReCOP (To be sorted)/ALU.vhd Line: 13
Error (12007): Top-level design entity "recop" is undefined
Error: Quartus Prime Analysis & Synthesis was unsuccessful. 1 error, 1 warning
    Error: Peak virtual memory: 4844 megabytes
    Error: Processing ended: Fri Apr 25 18:50:44 2025
    Error: Elapsed time: 00:00:09
    Error: Total CPU time (on all processors): 00:00:18


